TweetCount test on Physical partition

nodes=1 ntasks-per-node=8

ibv_exp_query_device: invalid comp_mask !!! (comp_mask = 0xcdb590 valid_mask = 0x3)
[spartan-bm055][[51936,1],1][btl_openib_component.c:1670:init_one_device] error obtaining device attributes for mlx5_bond_0 errno says Invalid argument
--------------------------------------------------------------------------
WARNING: There was an error initializing an OpenFabrics device.

  Local host:   spartan-bm055
  Local device: mlx5_bond_0
--------------------------------------------------------------------------
ibv_exp_query_device: invalid comp_mask !!! (comp_mask = 0x14de34c36044 valid_mask = 0x3)
[spartan-bm055][[51936,1],0][btl_openib_component.c:1670:init_one_device] error obtaining device attributes for mlx5_bond_0 errno says Invalid argument
ibv_exp_query_device: invalid comp_mask !!! (comp_mask = 0x1497540ec040 valid_mask = 0x3)
[spartan-bm055][[51936,1],6][btl_openib_component.c:1670:init_one_device] error obtaining device attributes for mlx5_bond_0 errno says Invalid argument
ibv_exp_query_device: invalid comp_mask !!! (comp_mask = 0x400000000 valid_mask = 0x3)
[spartan-bm055][[51936,1],7][btl_openib_component.c:1670:init_one_device] error obtaining device attributes for mlx5_bond_0 errno says Invalid argument
ibv_exp_query_device: invalid comp_mask !!! (comp_mask = 0x14c6bc06b040 valid_mask = 0x3)
[spartan-bm055][[51936,1],2][btl_openib_component.c:1670:init_one_device] error obtaining device attributes for mlx5_bond_0 errno says Invalid argument
[spartan-bm055.hpc.unimelb.edu.au:25458] [[51936,0],0] ORTE_ERROR_LOG: Data unpack would read past end of buffer in file util/show_help.c at line 501
--------------------------------------------------------------------------
No OpenFabrics connection schemes reported that they were able to be
used on a specific port.  As such, the openib BTL (OpenFabrics
support) will be disabled for this port.

  Local host:           spartan-bm055
  Local device:         mlx5_bond_0
  Local port:           1
  CPCs attempted:       rdmacm
--------------------------------------------------------------------------
process 1 receive 312500 625000
process 2 receive 625000 937500
process 3 receive 937500 1250000
process 4 receive 1250000 1562500
process 5 receive 1562500 1875000
process 6 receive 1875000 2187500
process 7 receive 2187500 2500002
[spartan-bm055.hpc.unimelb.edu.au:25458] 4 more processes have sent help message help-mpi-btl-openib.txt / error in device init
[spartan-bm055.hpc.unimelb.edu.au:25458] Set MCA parameter "orte_base_help_aggregate" to 0 to see all help / error messages
[spartan-bm055.hpc.unimelb.edu.au:25458] 1 more process has sent help message help-mpi-btl-openib-cpc-base.txt / no cpcs for port
receive data form 2 size:26381
receive data form 3 size:18722
receive data form 5 size:26968
receive data form 4 size:18162
receive data form 6 size:20575
receive data form 1 size:488623
receive data form 7 size:15983
A1:(#melbourne,14),(#tattoo,11),(#my,9),(#design,8),(#tattoolife,6),
A2:(#krazykristmas,165),(#rcl1milliongiveaway,59),(#egsholidaygiveaway,57),(#vdaywithbeth,37),(#egholidaygiveaway,31),
A3:(#raw,35),(#saveconstantine,25),(#vicfires,19),(#love,9),(#mvfc,7),
A4:(#lnp,5),(#vicfires,3),(#laughterclass,2),(#rainyevening,1),
B1:(#melbourne,184),(#,161),(#vote5sos,107),(#kca,73),(#australia,65),
B2:(#melbourne,888),(#australia,160),(#auspol,150),(#nashsnewvideo,123),(#brunswick,99),
B3:(#melbourne,186),(#foamus,93),(#australia,63),(#fitness,56),(#asknacks,52),
B4:(#melbourne,37),(#smallzywelcomeshome5sos,26),(#fire,19),(#socialmedia,18),(#warrandyte,15),
C1:(#jackfollowme,105),(#jackdm,104),(#camto4mill,72),(#jamesyamm,58),(#mashnewvideo,57),
C2:(#melbourne,10716),(#australia,1603),(#job,1409),(#jobs,964),(#hiring,469),
C3:(#melbourne,517),(#australia,149),(#coffee,108),(#food,73),(#oneorigin_specialtycoffee,71),
C4:(#alishas1million,96),(#melbourne,85),(#vote5sos,84),(#auspol,62),(#savedallas,56),
C5:(#melbourne,53),(#australia,17),(#1000steps,16),(#dandenongs,14),(#travel,13),
D3:(#melbourne,86),(#beach,64),(#vote5sos,36),(#joesuggtofollowconniekirk,32),(#summer,30),
D4:(#nowplaying,1730),(#melbourne,31),(#job,30),(#vijay_22yearsofgloriousjouney,28),(#jobs,22),
D5:(#lost,29),(#somebodytocon,23),(#melbourne,22),(#findjasper,21),(#kca,19),
A1: 2533 posts,
A2: 4165 posts,
A3: 5036 posts,
A4: 310 posts,
B1: 16507 posts,
B2: 79633 posts,
B3: 26550 posts,
B4: 5450 posts,
C1: 8415 posts,
C2: 145096 posts,
C3: 53299 posts,
C4: 19699 posts,
C5: 4105 posts,
D3: 13388 posts,
D4: 14497 posts,
D5: 3248 posts,
time_cost:32.94962840806693
